<?xml version="1.0" encoding="UTF-8"?>
<testsuite name="MyListTest" tests="1" skipped="0" failures="0" errors="0" timestamp="2019-08-14T06:49:06" hostname="DESKTOP-0RH6NSA" time="0.002">
  <properties/>
  <testcase name="testMyListCreated" classname="MyListTest" time="0.002"/>
  <system-out><![CDATA[]]></system-out>
  <system-err><![CDATA[]]></system-err>
</testsuite>
