<?xml version="1.0" encoding="UTF-8"?>
<testsuite name="MyListTest" tests="1" skipped="0" failures="0" errors="0" timestamp="2019-08-19T07:44:24" hostname="DESKTOP-0RH6NSA" time="0.061">
  <properties/>
  <testcase name="testMyListContains" classname="MyListTest" time="0.061"/>
  <system-out><![CDATA[]]></system-out>
  <system-err><![CDATA[]]></system-err>
</testsuite>
