<?xml version="1.0" encoding="UTF-8"?>
<testsuite name="MyListTest" tests="1" skipped="0" failures="0" errors="0" timestamp="2019-08-16T05:52:11" hostname="DESKTOP-0RH6NSA" time="0.057">
  <properties/>
  <testcase name="testMyListAddAllIndex" classname="MyListTest" time="0.057"/>
  <system-out><![CDATA[]]></system-out>
  <system-err><![CDATA[]]></system-err>
</testsuite>
